This file contains any messages produced by compilers while
running configure, to aid debugging if configure makes a mistake.

It was created by AIM configure 0.2, which was
generated by GNU Autoconf 2.69.  Invocation command line was

  $ ../configure 

## --------- ##
## Platform. ##
## --------- ##

hostname = z
uname -m = x86_64
uname -r = 3.19.0-58-generic
uname -s = Linux
uname -v = #64-Ubuntu SMP Thu Mar 17 18:30:04 UTC 2016

/usr/bin/uname -p = unknown
/bin/uname -X     = unknown

/bin/arch              = unknown
/usr/bin/arch -k       = unknown
/usr/convex/getsysinfo = unknown
/usr/bin/hostinfo      = unknown
/bin/machine           = unknown
/usr/bin/oslevel       = unknown
/bin/universe          = unknown

PATH: /home/zcgeng/bin
PATH: /usr/local/bin
PATH: /home/zcgeng/OS2016/cross/bin/
PATH: /usr/local/sbin
PATH: /usr/local/bin
PATH: /usr/sbin
PATH: /usr/bin
PATH: /sbin
PATH: /bin
PATH: /usr/games
PATH: /usr/local/games


## ----------- ##
## Core tests. ##
## ----------- ##

configure:2401: checking for a BSD-compatible install
configure:2469: result: /usr/bin/install -c
configure:2480: checking whether build environment is sane
configure:2535: result: yes
configure:2686: checking for a thread-safe mkdir -p
configure:2725: result: /bin/mkdir -p
configure:2732: checking for gawk
configure:2748: found /usr/bin/gawk
configure:2759: result: gawk
configure:2770: checking whether make sets $(MAKE)
configure:2792: result: yes
configure:2821: checking whether make supports nested variables
configure:2838: result: yes
configure:2975: checking whether make supports nested variables
configure:2992: result: yes
configure:3057: checking for gcc
configure:3073: found /usr/bin/gcc
configure:3084: result: gcc
configure:3313: checking for C compiler version
configure:3322: gcc --version >&5
gcc (GCC) 5.4.0
Copyright (C) 2015 Free Software Foundation, Inc.
This is free software; see the source for copying conditions.  There is NO
warranty; not even for MERCHANTABILITY or FITNESS FOR A PARTICULAR PURPOSE.

configure:3333: $? = 0
configure:3322: gcc -v >&5
Using built-in specs.
COLLECT_GCC=gcc
COLLECT_LTO_WRAPPER=/usr/local/gcc-5.4.0/libexec/gcc/x86_64-unknown-linux-gnu/5.4.0/lto-wrapper
Target: x86_64-unknown-linux-gnu
Configured with: /opt/gcc-5.4.0/configure --prefix=/usr/local/gcc-5.4.0 -enable-threads=posix -disable-checking -disable-multilib -enable-languages=c,c++ --with-gmp=/usr/local/gmp-4.3.2 --with-mpfr=/usr/local/mpfr-2.4.2 --with-mpc=/usr/local/mpc-0.8.1
Thread model: posix
gcc version 5.4.0 (GCC) 
configure:3333: $? = 0
configure:3322: gcc -V >&5
gcc: error: unrecognized command line option '-V'
gcc: fatal error: no input files
compilation terminated.
configure:3333: $? = 1
configure:3322: gcc -qversion >&5
gcc: error: unrecognized command line option '-qversion'
gcc: fatal error: no input files
compilation terminated.
configure:3333: $? = 1
configure:3353: checking whether the C compiler works
configure:3375: gcc -g   conftest.c  >&5
configure:3379: $? = 0
configure:3427: result: yes
configure:3430: checking for C compiler default output file name
configure:3432: result: a.out
configure:3438: checking for suffix of executables
configure:3445: gcc -o conftest -g   conftest.c  >&5
configure:3449: $? = 0
configure:3471: result: 
configure:3493: checking whether we are cross compiling
configure:3501: gcc -o conftest -g   conftest.c  >&5
configure:3505: $? = 0
configure:3512: ./conftest
configure:3516: $? = 0
configure:3531: result: no
configure:3536: checking for suffix of object files
configure:3558: gcc -c -g  conftest.c >&5
configure:3562: $? = 0
configure:3583: result: o
configure:3587: checking whether we are using the GNU C compiler
configure:3606: gcc -c -g  conftest.c >&5
configure:3606: $? = 0
configure:3615: result: yes
configure:3624: checking whether gcc accepts -g
configure:3644: gcc -c -g  conftest.c >&5
configure:3644: $? = 0
configure:3685: result: yes
configure:3702: checking for gcc option to accept ISO C89
configure:3765: gcc  -c -g  conftest.c >&5
configure:3765: $? = 0
configure:3778: result: none needed
configure:3803: checking whether gcc understands -c and -o together
configure:3825: gcc -c conftest.c -o conftest2.o
configure:3828: $? = 0
configure:3825: gcc -c conftest.c -o conftest2.o
configure:3828: $? = 0
configure:3840: result: yes
configure:3868: checking for style of include used by make
configure:3896: result: GNU
configure:3922: checking dependency style of gcc
configure:4033: result: gcc3
configure:4048: checking for gcc option to accept ISO C11
configure:4118: gcc  -c -g  conftest.c >&5
configure:4118: $? = 0
configure:4131: result: none needed
configure:4155: checking for an ANSI C-conforming const
configure:4221: gcc -c -g  conftest.c >&5
configure:4221: $? = 0
configure:4228: result: yes
configure:4236: checking for C/C++ restrict keyword
configure:4261: gcc -c -g  conftest.c >&5
configure:4261: $? = 0
configure:4269: result: __restrict
configure:4282: checking for working volatile
configure:4301: gcc -c -g  conftest.c >&5
configure:4301: $? = 0
configure:4308: result: yes
configure:4316: checking for inline
configure:4332: gcc -c -g  conftest.c >&5
configure:4332: $? = 0
configure:4340: result: inline
configure:4359: checking for typeof syntax and keyword spelling
configure:4390: gcc -c -g  conftest.c >&5
configure:4390: $? = 0
configure:4397: result: typeof

## ---------------- ##
## Cache variables. ##
## ---------------- ##

ac_cv_c_compiler_gnu=yes
ac_cv_c_const=yes
ac_cv_c_inline=inline
ac_cv_c_restrict=__restrict
ac_cv_c_typeof=typeof
ac_cv_c_volatile=yes
ac_cv_env_ARCH_set=
ac_cv_env_ARCH_value=
ac_cv_env_CCASFLAGS_set=
ac_cv_env_CCASFLAGS_value=
ac_cv_env_CCAS_set=
ac_cv_env_CCAS_value=
ac_cv_env_CC_set=
ac_cv_env_CC_value=
ac_cv_env_CFLAGS_set=
ac_cv_env_CFLAGS_value=
ac_cv_env_CPPFLAGS_set=
ac_cv_env_CPPFLAGS_value=
ac_cv_env_CPP_set=
ac_cv_env_CPP_value=
ac_cv_env_LDFLAGS_set=
ac_cv_env_LDFLAGS_value=
ac_cv_env_LIBS_set=
ac_cv_env_LIBS_value=
ac_cv_env_MACH_set=
ac_cv_env_MACH_value=
ac_cv_env_build_alias_set=
ac_cv_env_build_alias_value=
ac_cv_env_host_alias_set=
ac_cv_env_host_alias_value=
ac_cv_env_target_alias_set=
ac_cv_env_target_alias_value=
ac_cv_objext=o
ac_cv_path_install='/usr/bin/install -c'
ac_cv_path_mkdir=/bin/mkdir
ac_cv_prog_AWK=gawk
ac_cv_prog_ac_ct_CC=gcc
ac_cv_prog_cc_c11=
ac_cv_prog_cc_c89=
ac_cv_prog_cc_g=yes
ac_cv_prog_make_make_set=yes
am_cv_CC_dependencies_compiler_type=gcc3
am_cv_make_support_nested_variables=yes
am_cv_prog_cc_c_o=yes

## ----------------- ##
## Output variables. ##
## ----------------- ##

ACLOCAL='${SHELL} /home/zcgeng/OS2016/AIM-lab1/missing aclocal-1.14'
ALGO_DEVLIST_FALSE=''
ALGO_DEVLIST_TRUE=''
ALGO_FF_FALSE=''
ALGO_FF_TRUE=''
ALGO_FLFF_FALSE=''
ALGO_FLFF_TRUE=''
ALGO_KMLIST_FALSE=''
ALGO_KMLIST_TRUE=''
ALGO_SLAB_FALSE=''
ALGO_SLAB_TRUE=''
AMDEPBACKSLASH='\'
AMDEP_FALSE='#'
AMDEP_TRUE=''
AMTAR='$${TAR-tar}'
AM_BACKSLASH='\'
AM_DEFAULT_V='$(AM_DEFAULT_VERBOSITY)'
AM_DEFAULT_VERBOSITY='0'
AM_V='$(V)'
AR=''
ARCH=''
ARCH_ARMV7A_FALSE=''
ARCH_ARMV7A_TRUE=''
ARCH_I386_FALSE=''
ARCH_I386_TRUE=''
ARCH_I686_FALSE=''
ARCH_I686_TRUE=''
ARCH_MIPS64_FALSE=''
ARCH_MIPS64_TRUE=''
ARCH_MIPS_FALSE=''
ARCH_MIPS_TRUE=''
AUTOCONF='${SHELL} /home/zcgeng/OS2016/AIM-lab1/missing autoconf'
AUTOHEADER='${SHELL} /home/zcgeng/OS2016/AIM-lab1/missing autoheader'
AUTOMAKE='${SHELL} /home/zcgeng/OS2016/AIM-lab1/missing automake-1.14'
AWK='gawk'
BLOCK_MSIM_FALSE=''
BLOCK_MSIM_TRUE=''
BUILD_BOOTLOADER_FALSE=''
BUILD_BOOTLOADER_TRUE=''
BUILD_FIRMWARE_FALSE=''
BUILD_FIRMWARE_TRUE=''
BUS_MAPPER_FALSE=''
BUS_MAPPER_TRUE=''
CC='gcc'
CCAS=''
CCASDEPMODE=''
CCASFLAGS=''
CCDEPMODE='depmode=gcc3'
CFLAGS='-g'
CORE=''
CPP=''
CPPFLAGS=''
CYGPATH_W='echo'
DEBUG_FALSE=''
DEBUG_TRUE=''
DEFS=''
DEPDIR='.deps'
DLLTOOL=''
DSYMUTIL=''
DUMPBIN=''
ECHO_C=''
ECHO_N='-n'
ECHO_T=''
EGREP=''
EXEEXT=''
FGREP=''
GREP=''
IDE_BMDMA_FALSE=''
IDE_BMDMA_TRUE=''
INSTALL_DATA='${INSTALL} -m 644'
INSTALL_PROGRAM='${INSTALL}'
INSTALL_SCRIPT='${INSTALL}'
INSTALL_STRIP_PROGRAM='$(install_sh) -c -s'
IO_MEM_FALSE=''
IO_MEM_ROOT_FALSE=''
IO_MEM_ROOT_TRUE=''
IO_MEM_TRUE=''
IO_PORT_FALSE=''
IO_PORT_ROOT_FALSE=''
IO_PORT_ROOT_TRUE=''
IO_PORT_TRUE=''
LD=''
LDFLAGS=''
LIBOBJS=''
LIBS=''
LIBTOOL=''
LIPO=''
LN_S=''
LOONGSON3A_RAM_DETECTION_FALSE=''
LOONGSON3A_RAM_DETECTION_TRUE=''
LTLIBOBJS=''
MACH=''
MACH_GENERIC_FALSE=''
MACH_GENERIC_TRUE=''
MACH_LOONGSON3A_FALSE=''
MACH_LOONGSON3A_TRUE=''
MACH_MSIM_FALSE=''
MACH_MSIM_TRUE=''
MACH_PC_FALSE=''
MACH_PC_TRUE=''
MACH_UNKNOWN_FALSE=''
MACH_UNKNOWN_TRUE=''
MACH_ZYNQ_FALSE=''
MACH_ZYNQ_TRUE=''
MAKEINFO='${SHELL} /home/zcgeng/OS2016/AIM-lab1/missing makeinfo'
MANIFEST_TOOL=''
MKDIR_P='/bin/mkdir -p'
MSIM_CONF_CPULIST=''
MSIM_CONF_DISKPA=''
MSIM_CONF_DISK_IMAGE=''
MSIM_CONF_FIRMWARE_BIN=''
MSIM_CONF_HIGHRAM_BASE=''
MSIM_CONF_HIGHRAM_SIZE=''
MSIM_CONF_KBDPA=''
MSIM_CONF_LPPA=''
MSIM_CONF_MBLIST=''
MSIM_CONF_ORDERPA=''
MSIM_CONF_RTCPA=''
NM=''
NMEDIT=''
OBJCOPY=''
OBJDUMP=''
OBJEXT='o'
OTOOL64=''
OTOOL=''
PACKAGE='aim'
PACKAGE_BUGREPORT='davidgao1001@gmail.com'
PACKAGE_NAME='AIM'
PACKAGE_STRING='AIM 0.2'
PACKAGE_TARNAME='aim'
PACKAGE_URL=''
PACKAGE_VERSION='0.2'
PAGESIZE_16K_FALSE=''
PAGESIZE_16K_TRUE=''
PATH_SEPARATOR=':'
PREFIXED_CORE=''
PREFIXED_MACH=''
RANLIB=''
SD_ZYNQ_FALSE=''
SD_ZYNQ_TRUE=''
SED=''
SET_MAKE=''
SHELL='/bin/bash'
STRIP=''
TESTS_FALSE=''
TESTS_TRUE=''
TIMER_A9_FALSE=''
TIMER_A9_TRUE=''
UART_LITE_FALSE=''
UART_LITE_TRUE=''
UART_MSIM_FALSE=''
UART_MSIM_TRUE=''
UART_NS16550_FALSE=''
UART_NS16550_TRUE=''
VERSION='0.2'
ac_ct_AR=''
ac_ct_CC='gcc'
ac_ct_DUMPBIN=''
am__EXEEXT_FALSE=''
am__EXEEXT_TRUE=''
am__fastdepCCAS_FALSE=''
am__fastdepCCAS_TRUE=''
am__fastdepCC_FALSE='#'
am__fastdepCC_TRUE=''
am__include='include'
am__isrc=' -I$(srcdir)'
am__leading_dot='.'
am__nodep='_no'
am__quote=''
am__tar='$${TAR-tar} chof - "$$tardir"'
am__untar='$${TAR-tar} xf -'
bindir='${exec_prefix}/bin'
build=''
build_alias=''
build_cpu=''
build_os=''
build_vendor=''
datadir='${datarootdir}'
datarootdir='${prefix}/share'
default_var=''
docdir='${datarootdir}/doc/${PACKAGE_TARNAME}'
dvidir='${docdir}'
exec_prefix='NONE'
host=''
host_alias=''
host_cpu=''
host_os=''
host_vendor=''
htmldir='${docdir}'
includedir='${prefix}/include'
infodir='${datarootdir}/info'
install_sh='${SHELL} /home/zcgeng/OS2016/AIM-lab1/install-sh'
libdir='${exec_prefix}/lib'
libexecdir='${exec_prefix}/libexec'
localedir='${datarootdir}/locale'
localstatedir='${prefix}/var'
mandir='${datarootdir}/man'
mkdir_p='$(MKDIR_P)'
oldincludedir='/usr/include'
pdfdir='${docdir}'
prefix='NONE'
program_transform_name='s,x,x,'
psdir='${docdir}'
sbindir='${exec_prefix}/sbin'
sharedstatedir='${prefix}/com'
sysconfdir='${prefix}/etc'
target_alias=''

## ----------- ##
## confdefs.h. ##
## ----------- ##

/* confdefs.h */
#define PACKAGE_NAME "AIM"
#define PACKAGE_TARNAME "aim"
#define PACKAGE_VERSION "0.2"
#define PACKAGE_STRING "AIM 0.2"
#define PACKAGE_BUGREPORT "davidgao1001@gmail.com"
#define PACKAGE_URL ""
#define PACKAGE "aim"
#define VERSION "0.2"
#define restrict __restrict
#define HAVE_TYPEOF 1

configure: exit 2
